build/app/intermediates/manifest_merge_blame_file/debug/manifest-merger-blame-debug-report.txt
1<?xml version="1.0" encoding="utf-8"?>
2<manifest xmlns:android="http://schemas.android.com/apk/res/android"
3    package="com.sm.background_location_service"
4    android:versionCode="1"
5    android:versionName="1.0.0" >
6
7    <uses-sdk
8        android:minSdkVersion="16"
9        android:targetSdkVersion="33" />
10    <!--
11         The INTERNET permission is required for development. Specifically,
12         the Flutter tool needs it to communicate with the running application
13         to allow setting breakpoints, to provide hot reload, etc.
14    -->
15    <uses-permission android:name="android.permission.INTERNET" />
15-->src/debug/AndroidManifest.xml:7:5-66
15-->src/debug/AndroidManifest.xml:7:22-64
16    <uses-permission android:name="android.permission.ACCESS_FINE_LOCATION" />
16-->src/main/AndroidManifest.xml:4:5-79
16-->src/main/AndroidManifest.xml:4:22-76
17    <uses-permission android:name="android.permission.ACCESS_COARSE_LOCATION" />
17-->src/main/AndroidManifest.xml:5:5-81
17-->src/main/AndroidManifest.xml:5:22-78
18    <uses-permission android:name="android.permission.FOREGROUND_SERVICE" />
18-->src/main/AndroidManifest.xml:6:5-77
18-->src/main/AndroidManifest.xml:6:22-74
19    <uses-permission android:name="android.permission.ACCESS_BACKGROUND_LOCATION" />
19-->src/main/AndroidManifest.xml:7:5-84
19-->src/main/AndroidManifest.xml:7:22-82
20    <uses-permission android:name="android.permission.RECEIVE_BOOT_COMPLETED" />
20-->[:flutter_local_notifications] AndroidManifest.xml:9:5-81
20-->[:flutter_local_notifications] AndroidManifest.xml:9:22-78
21    <uses-permission android:name="android.permission.VIBRATE" />
21-->[:flutter_local_notifications] AndroidManifest.xml:10:5-66
21-->[:flutter_local_notifications] AndroidManifest.xml:10:22-63
22    <uses-permission android:name="android.permission.USE_FULL_SCREEN_INTENT" />
22-->[:flutter_local_notifications] AndroidManifest.xml:11:5-81
22-->[:flutter_local_notifications] AndroidManifest.xml:11:22-78
23    <uses-permission android:name="android.permission.SCHEDULE_EXACT_ALARM" />
23-->[:flutter_local_notifications] AndroidManifest.xml:12:5-79
23-->[:flutter_local_notifications] AndroidManifest.xml:12:22-76
24    <uses-permission android:name="android.permission.POST_NOTIFICATIONS" />
24-->[:flutter_local_notifications] AndroidManifest.xml:13:5-77
24-->[:flutter_local_notifications] AndroidManifest.xml:13:22-74
25    <uses-permission android:name="android.permission.WAKE_LOCK" />
25-->[:flutter_background_service_android] AndroidManifest.xml:11:5-68
25-->[:flutter_background_service_android] AndroidManifest.xml:11:22-65
26
27    <permission
27-->[androidx.core:core:1.9.0] AndroidManifest.xml:22:5-24:47
28        android:name="com.sm.background_location_service.DYNAMIC_RECEIVER_NOT_EXPORTED_PERMISSION"
28-->[androidx.core:core:1.9.0] AndroidManifest.xml:23:9-81
29        android:protectionLevel="signature" />
29-->[androidx.core:core:1.9.0] AndroidManifest.xml:24:9-44
30
31    <uses-permission android:name="com.sm.background_location_service.DYNAMIC_RECEIVER_NOT_EXPORTED_PERMISSION" />
31-->[androidx.core:core:1.9.0] AndroidManifest.xml:26:5-97
31-->[androidx.core:core:1.9.0] AndroidManifest.xml:26:22-94
32
33    <application
34        android:name="android.app.Application"
35        android:appComponentFactory="androidx.core.app.CoreComponentFactory"
35-->[androidx.core:core:1.9.0] AndroidManifest.xml:28:18-86
36        android:debuggable="true"
37        android:icon="@mipmap/ic_launcher"
38        android:label="BG Location Service" >
39        <activity
40            android:name="com.sm.background_location_service.MainActivity"
41            android:configChanges="orientation|keyboardHidden|keyboard|screenSize|smallestScreenSize|locale|layoutDirection|fontScale|screenLayout|density|uiMode"
42            android:exported="true"
43            android:hardwareAccelerated="true"
44            android:launchMode="singleTop"
45            android:theme="@style/LaunchTheme"
46            android:windowSoftInputMode="adjustResize" >
47
48            <!--
49                 Specifies an Android theme to apply to this Activity as soon as
50                 the Android process has started. This theme is visible to the user
51                 while the Flutter UI initializes. After that, this theme continues
52                 to determine the Window background behind the Flutter UI.
53            -->
54            <meta-data
55                android:name="io.flutter.embedding.android.NormalTheme"
56                android:resource="@style/NormalTheme" />
57
58            <intent-filter>
59                <action android:name="android.intent.action.MAIN" />
60
61                <category android:name="android.intent.category.LAUNCHER" />
62            </intent-filter>
63
64            <!-- Notification config -->
65            <meta-data
66                android:name="com.google.firebase.messaging.default_notification_channel_id"
67                android:value="@string/default_notification_channel_id" />
68
69            <intent-filter>
70                <action android:name="FLUTTER_NOTIFICATION_CLICK" />
71
72                <category android:name="android.intent.category.DEFAULT" />
73            </intent-filter>
74            <intent-filter>
75                <action android:name="com.google.firebase.MESSAGINF_EVENT" />
76            </intent-filter>
77            <!-- Notification config end -->
78            <intent-filter>
79                <action android:name="android.intent.action.MAIN" />
80
81                <category android:name="android.intent.category.LAUNCHER" />
82            </intent-filter>
83        </activity>
84        <!--
85             Don't delete the meta-data below.
86             This is used by the Flutter tool to generate GeneratedPluginRegistrant.java
87        -->
88        <meta-data
89            android:name="flutterEmbedding"
90            android:value="2" />
91
92        <!--
93             If you want your foreground service to be stopped if your app is stopped, 
94            set android:stopWithTask to true.
95            See https://developer.android.com/reference/android/R.attr#stopWithTask
96        -->
97        <service
98            android:name="com.dexterous.flutterlocalnotifications.ForegroundService"
99            android:exported="false"
100            android:stopWithTask="false" />
101        <service
101-->[:geolocator_android] AndroidManifest.xml:12:9-16:56
102            android:name="com.baseflow.geolocator.GeolocatorLocationService"
102-->[:geolocator_android] AndroidManifest.xml:13:13-77
103            android:enabled="true"
103-->[:geolocator_android] AndroidManifest.xml:14:13-35
104            android:exported="false"
104-->[:geolocator_android] AndroidManifest.xml:15:13-37
105            android:foregroundServiceType="location" />
105-->[:geolocator_android] AndroidManifest.xml:16:13-53
106
107        <receiver
107-->[:flutter_local_notifications] AndroidManifest.xml:16:9-18:40
108            android:name="com.dexterous.flutterlocalnotifications.ActionBroadcastReceiver"
108-->[:flutter_local_notifications] AndroidManifest.xml:17:13-91
109            android:exported="false" />
109-->[:flutter_local_notifications] AndroidManifest.xml:18:13-37
110        <receiver
110-->[:flutter_local_notifications] AndroidManifest.xml:19:9-21:40
111            android:name="com.dexterous.flutterlocalnotifications.ScheduledNotificationReceiver"
111-->[:flutter_local_notifications] AndroidManifest.xml:20:13-97
112            android:exported="false" />
112-->[:flutter_local_notifications] AndroidManifest.xml:21:13-37
113        <receiver
113-->[:flutter_local_notifications] AndroidManifest.xml:22:9-31:20
114            android:name="com.dexterous.flutterlocalnotifications.ScheduledNotificationBootReceiver"
114-->[:flutter_local_notifications] AndroidManifest.xml:23:13-101
115            android:exported="false" >
115-->[:flutter_local_notifications] AndroidManifest.xml:24:13-37
116            <intent-filter>
116-->[:flutter_local_notifications] AndroidManifest.xml:25:13-30:29
117                <action android:name="android.intent.action.BOOT_COMPLETED" />
117-->[:flutter_local_notifications] AndroidManifest.xml:26:17-79
117-->[:flutter_local_notifications] AndroidManifest.xml:26:25-76
118                <action android:name="android.intent.action.MY_PACKAGE_REPLACED" />
118-->[:flutter_local_notifications] AndroidManifest.xml:27:17-84
118-->[:flutter_local_notifications] AndroidManifest.xml:27:25-81
119                <action android:name="android.intent.action.QUICKBOOT_POWERON" />
119-->[:flutter_local_notifications] AndroidManifest.xml:28:17-82
119-->[:flutter_local_notifications] AndroidManifest.xml:28:25-79
120                <action android:name="com.htc.intent.action.QUICKBOOT_POWERON" />
120-->[:flutter_local_notifications] AndroidManifest.xml:29:17-82
120-->[:flutter_local_notifications] AndroidManifest.xml:29:25-79
121            </intent-filter>
122        </receiver>
123
124        <service
124-->[:flutter_background_service_android] AndroidManifest.xml:14:9-18:44
125            android:name="id.flutter.flutter_background_service.BackgroundService"
125-->[:flutter_background_service_android] AndroidManifest.xml:15:13-83
126            android:enabled="true"
126-->[:flutter_background_service_android] AndroidManifest.xml:16:13-35
127            android:exported="true"
127-->[:flutter_background_service_android] AndroidManifest.xml:17:13-36
128            android:stopWithTask="false" />
128-->[:flutter_background_service_android] AndroidManifest.xml:18:13-41
129
130        <receiver
130-->[:flutter_background_service_android] AndroidManifest.xml:20:9-23:39
131            android:name="id.flutter.flutter_background_service.WatchdogReceiver"
131-->[:flutter_background_service_android] AndroidManifest.xml:21:13-82
132            android:enabled="true"
132-->[:flutter_background_service_android] AndroidManifest.xml:22:13-35
133            android:exported="true" />
133-->[:flutter_background_service_android] AndroidManifest.xml:23:13-36
134        <receiver
134-->[:flutter_background_service_android] AndroidManifest.xml:24:9-32:20
135            android:name="id.flutter.flutter_background_service.BootReceiver"
135-->[:flutter_background_service_android] AndroidManifest.xml:25:13-78
136            android:enabled="true"
136-->[:flutter_background_service_android] AndroidManifest.xml:26:13-35
137            android:exported="true" >
137-->[:flutter_background_service_android] AndroidManifest.xml:27:13-36
138            <intent-filter>
138-->[:flutter_background_service_android] AndroidManifest.xml:28:13-31:29
139                <action android:name="android.intent.action.BOOT_COMPLETED" />
139-->[:flutter_local_notifications] AndroidManifest.xml:26:17-79
139-->[:flutter_local_notifications] AndroidManifest.xml:26:25-76
140                <action android:name="android.intent.action.QUICKBOOT_POWERON" />
140-->[:flutter_local_notifications] AndroidManifest.xml:28:17-82
140-->[:flutter_local_notifications] AndroidManifest.xml:28:25-79
141            </intent-filter>
142        </receiver>
143
144        <uses-library
144-->[androidx.window:window:1.0.0-beta04] AndroidManifest.xml:25:9-27:40
145            android:name="androidx.window.extensions"
145-->[androidx.window:window:1.0.0-beta04] AndroidManifest.xml:26:13-54
146            android:required="false" />
146-->[androidx.window:window:1.0.0-beta04] AndroidManifest.xml:27:13-37
147        <uses-library
147-->[androidx.window:window:1.0.0-beta04] AndroidManifest.xml:28:9-30:40
148            android:name="androidx.window.sidecar"
148-->[androidx.window:window:1.0.0-beta04] AndroidManifest.xml:29:13-51
149            android:required="false" />
149-->[androidx.window:window:1.0.0-beta04] AndroidManifest.xml:30:13-37
150
151        <activity
151-->[com.google.android.gms:play-services-base:18.1.0] AndroidManifest.xml:20:9-22:45
152            android:name="com.google.android.gms.common.api.GoogleApiActivity"
152-->[com.google.android.gms:play-services-base:18.1.0] AndroidManifest.xml:20:19-85
153            android:exported="false"
153-->[com.google.android.gms:play-services-base:18.1.0] AndroidManifest.xml:22:19-43
154            android:theme="@android:style/Theme.Translucent.NoTitleBar" />
154-->[com.google.android.gms:play-services-base:18.1.0] AndroidManifest.xml:21:19-78
155
156        <meta-data
156-->[com.google.android.gms:play-services-basement:18.1.0] AndroidManifest.xml:21:9-23:69
157            android:name="com.google.android.gms.version"
157-->[com.google.android.gms:play-services-basement:18.1.0] AndroidManifest.xml:22:13-58
158            android:value="@integer/google_play_services_version" />
158-->[com.google.android.gms:play-services-basement:18.1.0] AndroidManifest.xml:23:13-66
159    </application>
160
161</manifest>